<?xml version="1.0" encoding="UTF-8"?>
<testng-results skipped="0" failed="0" ignored="0" total="1" passed="1">
  <reporter-output>
  </reporter-output>
  <suite name="Default suite" duration-ms="115333" started-at="2019-05-09T02:03:39Z" finished-at="2019-05-09T02:05:34Z">
    <groups>
    </groups>
    <test name="Default test" duration-ms="115333" started-at="2019-05-09T02:03:39Z" finished-at="2019-05-09T02:05:34Z">
      <class name="com.qa.google.test.GoogleTest">
        <test-method status="PASS" signature="ConfigFileRead()[pri:0, instance:com.qa.google.test.GoogleTest@33c911a1]" name="ConfigFileRead" is-config="true" duration-ms="7" started-at="2019-05-09T12:03:39Z" finished-at="2019-05-09T12:03:39Z">
          <reporter-output>
          </reporter-output>
        </test-method> <!-- ConfigFileRead -->
        <test-method status="PASS" signature="NavigateToUrl()[pri:0, instance:com.qa.google.test.GoogleTest@33c911a1]" name="NavigateToUrl" is-config="true" duration-ms="112693" started-at="2019-05-09T12:03:39Z" finished-at="2019-05-09T12:05:32Z">
          <reporter-output>
          </reporter-output>
        </test-method> <!-- NavigateToUrl -->
        <test-method status="PASS" signature="getTitle()[pri:0, instance:com.qa.google.test.GoogleTest@33c911a1]" name="getTitle" duration-ms="17" started-at="2019-05-09T12:05:32Z" finished-at="2019-05-09T12:05:32Z">
          <reporter-output>
          </reporter-output>
        </test-method> <!-- getTitle -->
        <test-method status="PASS" signature="tearDown(org.testng.ITestResult)[pri:0, instance:com.qa.google.test.GoogleTest@33c911a1]" name="tearDown" is-config="true" duration-ms="2601" started-at="2019-05-09T12:05:32Z" finished-at="2019-05-09T12:05:34Z">
          <params>
            <param index="0">
              <value>
                <![CDATA[[TestResult name=getTitle status=SUCCESS method=GoogleTest.getTitle()[pri:0, instance:com.qa.google.test.GoogleTest@33c911a1] output={null}]]]>
              </value>
            </param>
          </params>
          <reporter-output>
          </reporter-output>
        </test-method> <!-- tearDown -->
      </class> <!-- com.qa.google.test.GoogleTest -->
    </test> <!-- Default test -->
  </suite> <!-- Default suite -->
</testng-results>
